[debug] [2021-09-20T15:07:10.358Z] ----------------------------------------------------------------------
[debug] [2021-09-20T15:07:10.361Z] Command:       C:\Program Files\nodejs\node.exe C:\Users\TEMP\AppData\Roaming\npm\node_modules\firebase-tools\lib\bin\firebase.js functions:shell
[debug] [2021-09-20T15:07:10.362Z] CLI Version:   9.18.0
[debug] [2021-09-20T15:07:10.362Z] Platform:      win32
[debug] [2021-09-20T15:07:10.362Z] Node Version:  v16.9.1
[debug] [2021-09-20T15:07:10.412Z] Time:          Mon Sep 20 2021 16:07:10 GMT+0100 (UTC+01:00)
[debug] [2021-09-20T15:07:10.412Z] ----------------------------------------------------------------------
[debug] 
[debug] [2021-09-20T15:07:10.548Z] > command requires scopes: ["email","openid","https://www.googleapis.com/auth/cloudplatformprojects.readonly","https://www.googleapis.com/auth/firebase","https://www.googleapis.com/auth/cloud-platform"]
[debug] [2021-09-20T15:07:10.549Z] > authorizing via signed-in user (souadelmansouri2018@gmail.com)
[debug] [2021-09-20T15:07:10.549Z] [iam] checking project dalerts-f3f35 for permissions ["firebase.projects.get"]
[debug] [2021-09-20T15:07:10.552Z] > refreshing access token with scopes: ["email","https://www.googleapis.com/auth/cloud-platform","https://www.googleapis.com/auth/cloudplatformprojects.readonly","https://www.googleapis.com/auth/firebase","openid"]
[debug] [2021-09-20T15:07:10.553Z] >>> HTTP REQUEST POST https://www.googleapis.com/oauth2/v3/token  
 <request body omitted>
[debug] [2021-09-20T15:07:10.873Z] <<< HTTP RESPONSE 200 {"date":"Mon, 20 Sep 2021 15:07:10 GMT","cache-control":"no-cache, no-store, max-age=0, must-revalidate","expires":"Mon, 01 Jan 1990 00:00:00 GMT","pragma":"no-cache","content-type":"application/json; charset=utf-8","vary":"X-Origin, Referer, Origin,Accept-Encoding","server":"scaffolding on HTTPServer2","x-xss-protection":"0","x-frame-options":"SAMEORIGIN","x-content-type-options":"nosniff","alt-svc":"h3=\":443\"; ma=2592000,h3-29=\":443\"; ma=2592000,h3-T051=\":443\"; ma=2592000,h3-Q050=\":443\"; ma=2592000,h3-Q046=\":443\"; ma=2592000,h3-Q043=\":443\"; ma=2592000,quic=\":443\"; ma=2592000; v=\"46,43\"","accept-ranges":"none","transfer-encoding":"chunked"}
[debug] [2021-09-20T15:07:10.938Z] >>> HTTP REQUEST POST https://cloudresourcemanager.googleapis.com/v1/projects/dalerts-f3f35:testIamPermissions  
 {"permissions":["firebase.projects.get"]}
[debug] [2021-09-20T15:07:11.759Z] <<< HTTP RESPONSE 200 {"content-type":"application/json; charset=UTF-8","vary":"X-Origin, Referer, Origin,Accept-Encoding","date":"Mon, 20 Sep 2021 15:07:11 GMT","server":"ESF","cache-control":"private","x-xss-protection":"0","x-frame-options":"SAMEORIGIN","x-content-type-options":"nosniff","server-timing":"gfet4t7; dur=679","alt-svc":"h3=\":443\"; ma=2592000,h3-29=\":443\"; ma=2592000,h3-T051=\":443\"; ma=2592000,h3-Q050=\":443\"; ma=2592000,h3-Q046=\":443\"; ma=2592000,h3-Q043=\":443\"; ma=2592000,quic=\":443\"; ma=2592000; v=\"46,43\"","accept-ranges":"none","transfer-encoding":"chunked"}
[warn] !  Your requested "node" version "14" doesn't match your global version "16" {"metadata":{"emulator":{"name":"functions"},"message":"Your requested \"node\" version \"14\" doesn't match your global version \"16\""}}
[debug] [2021-09-20T15:07:11.803Z] defaultcredentials: writing to file C:\Users\TEMP\AppData\Roaming\firebase\souadelmansouri2018_gmail_com_application_default_credentials.json
[debug] [2021-09-20T15:07:11.806Z] DEBUG: Setting GAC to C:\Users\TEMP\AppData\Roaming\firebase\souadelmansouri2018_gmail_com_application_default_credentials.json
[debug] [2021-09-20T15:07:11.807Z] > refreshing access token with scopes: []
[debug] [2021-09-20T15:07:11.808Z] >>> HTTP REQUEST POST https://www.googleapis.com/oauth2/v3/token  
 <request body omitted>
[debug] [2021-09-20T15:07:11.944Z] <<< HTTP RESPONSE 200 {"expires":"Mon, 01 Jan 1990 00:00:00 GMT","pragma":"no-cache","date":"Mon, 20 Sep 2021 15:07:11 GMT","cache-control":"no-cache, no-store, max-age=0, must-revalidate","content-type":"application/json; charset=utf-8","vary":"X-Origin, Referer, Origin,Accept-Encoding","server":"scaffolding on HTTPServer2","x-xss-protection":"0","x-frame-options":"SAMEORIGIN","x-content-type-options":"nosniff","alt-svc":"h3=\":443\"; ma=2592000,h3-29=\":443\"; ma=2592000,h3-T051=\":443\"; ma=2592000,h3-Q050=\":443\"; ma=2592000,h3-Q046=\":443\"; ma=2592000,h3-Q043=\":443\"; ma=2592000,quic=\":443\"; ma=2592000; v=\"46,43\"","accept-ranges":"none","transfer-encoding":"chunked"}
[debug] [2021-09-20T15:07:12.012Z] >>> [apiv2][query] GET https://firebase.googleapis.com/v1beta1/projects/dalerts-f3f35/adminSdkConfig [none]
[debug] [2021-09-20T15:07:12.446Z] <<< [apiv2][status] GET https://firebase.googleapis.com/v1beta1/projects/dalerts-f3f35/adminSdkConfig 200
[debug] [2021-09-20T15:07:12.446Z] <<< [apiv2][body] GET https://firebase.googleapis.com/v1beta1/projects/dalerts-f3f35/adminSdkConfig {"projectId":"dalerts-f3f35","storageBucket":"dalerts-f3f35.appspot.com"}
[debug] [2021-09-20T15:07:12.495Z] [functions] Watching "C:\Users\TEMP\dAlerts\dalerts\functions" for Cloud Functions...
[debug] [2021-09-20T15:07:12.595Z] DEBUG: [worker-pool] addWorker(~diagnostic~)
[debug] [2021-09-20T15:07:12.596Z] DEBUG: [worker-pool] Adding worker with key ~diagnostic~, total=1
[debug] [2021-09-20T15:07:12.596Z] DEBUG: [worker-pool] submitWork(triggerId=)
[debug] [2021-09-20T15:07:12.597Z] DEBUG: [worker-~diagnostic~-9b1149d6-f247-4f8e-b9b3-992cc6b3528c]: Assigning socketPath: \\?\pipe\C:\Users\TEMP\dAlerts\dalerts\functions\8692
[debug] [2021-09-20T15:07:12.597Z] DEBUG: [worker-~diagnostic~-9b1149d6-f247-4f8e-b9b3-992cc6b3528c]: BUSY
[debug] [2021-09-20T15:07:13.674Z] DEBUG: [runtime-status] [8692] Functions runtime initialized. {"cwd":"C:\\Users\\TEMP\\dAlerts\\dalerts\\functions","node_version":"16.9.1"}
[debug] [2021-09-20T15:07:13.675Z] DEBUG: [runtime-status] [8692] Disabled runtime features: undefined
[debug] [2021-09-20T15:07:13.719Z] DEBUG: [runtime-status] [8692] Resolved module firebase-admin {"declared":true,"installed":true,"version":"9.11.1","resolution":"C:\\Users\\TEMP\\dAlerts\\dalerts\\functions\\node_modules\\firebase-admin\\lib\\index.js"}
[debug] [2021-09-20T15:07:13.736Z] DEBUG: [runtime-status] [8692] Resolved module firebase-functions {"declared":true,"installed":true,"version":"3.15.6","resolution":"C:\\Users\\TEMP\\dAlerts\\dalerts\\functions\\node_modules\\firebase-functions\\lib\\index.js"}
[debug] [2021-09-20T15:07:13.759Z] DEBUG: [runtime-status] [8692] Resolved module firebase-functions {"declared":true,"installed":true,"version":"3.15.6","resolution":"C:\\Users\\TEMP\\dAlerts\\dalerts\\functions\\node_modules\\firebase-functions\\lib\\index.js"}
[debug] [2021-09-20T15:07:13.762Z] DEBUG: [runtime-status] [8692] Outgoing network have been stubbed. [{"name":"http","status":"mocked"},{"name":"http","status":"mocked"},{"name":"https","status":"mocked"},{"name":"https","status":"mocked"},{"name":"net","status":"mocked"}]
[debug] [2021-09-20T15:07:13.764Z] DEBUG: [runtime-status] [8692] Resolved module firebase-functions {"declared":true,"installed":true,"version":"3.15.6","resolution":"C:\\Users\\TEMP\\dAlerts\\dalerts\\functions\\node_modules\\firebase-functions\\lib\\index.js"}
[debug] [2021-09-20T15:07:14.576Z] DEBUG: [runtime-status] [8692] Checked functions.config() {"config":{}}
[debug] [2021-09-20T15:07:14.577Z] DEBUG: [runtime-status] [8692] firebase-functions has been stubbed. {"functionsResolution":{"declared":true,"installed":true,"version":"3.15.6","resolution":"C:\\Users\\TEMP\\dAlerts\\dalerts\\functions\\node_modules\\firebase-functions\\lib\\index.js"}}
[debug] [2021-09-20T15:07:14.578Z] DEBUG: [runtime-status] [8692] Resolved module firebase-functions {"declared":true,"installed":true,"version":"3.15.6","resolution":"C:\\Users\\TEMP\\dAlerts\\dalerts\\functions\\node_modules\\firebase-functions\\lib\\index.js"}
[debug] [2021-09-20T15:07:14.582Z] DEBUG: [runtime-status] [8692] Resolved module firebase-admin {"declared":true,"installed":true,"version":"9.11.1","resolution":"C:\\Users\\TEMP\\dAlerts\\dalerts\\functions\\node_modules\\firebase-admin\\lib\\index.js"}
[debug] [2021-09-20T15:07:14.584Z] DEBUG: [runtime-status] [8692] Resolved module firebase-functions {"declared":true,"installed":true,"version":"3.15.6","resolution":"C:\\Users\\TEMP\\dAlerts\\dalerts\\functions\\node_modules\\firebase-functions\\lib\\index.js"}
[debug] [2021-09-20T15:07:14.585Z] DEBUG: [runtime-status] [8692] firebase-admin has been stubbed. {"adminResolution":{"declared":true,"installed":true,"version":"9.11.1","resolution":"C:\\Users\\TEMP\\dAlerts\\dalerts\\functions\\node_modules\\firebase-admin\\lib\\index.js"}}
[debug] [2021-09-20T15:07:16.630Z] [functions[us-central1-app]] http function initialized (http://localhost:5000/dalerts-f3f35/us-central1/app).
[info] i  functions: Loaded functions: app 
[warn] !  functions: The following emulators are not running, calls to these services will affect production: firestore, database, pubsub, storage 
[debug] [2021-09-20T15:07:16.720Z] DEBUG: [worker-~diagnostic~-9b1149d6-f247-4f8e-b9b3-992cc6b3528c]: IDLE
[debug] [2021-09-20T15:14:38.403Z] DEBUG: File C:\Users\TEMP\dAlerts\dalerts\functions\index.js changed, reloading triggers
